{"logTime": "0712/073846", "correlationVector":"u7aQpwdvuM0gRL+p5xFJhg","action":"EXTENSION_UPDATER", "result":""}
{"logTime": "0712/080837", "correlationVector":"IKwriIaBaT3TdlpyihzROg","action":"EXTENSION_UPDATER", "result":""}
{"logTime": "0712/080838", "correlationVector":"882730438B2F4BC29E5B21EAF4AB0DEF","action":"FETCH_UX_CONFIG", "result":""}
{"logTime": "0712/090326", "correlationVector":"4CYhhADrI2eQMJMKRDD0Z3","action":"EXTENSION_UPDATER", "result":""}
{"logTime": "0712/090328", "correlationVector":"F9527B16CBC841839B17D4F63A6222D0","action":"FETCH_UX_CONFIG", "result":""}
{"logTime": "0712/090752", "correlationVector":"jge8I8bemZ+9pp1Do6dqBQ","action":"EXTENSION_UPDATER", "result":""}
{"logTime": "0712/090753", "correlationVector":"CF239B202F71471C8A2E7EF8AE1CE364","action":"FETCH_UX_CONFIG", "result":""}
{"logTime": "0712/092122", "correlationVector":"7yLMGTv80vtyQlDnoa0lko","action":"EXTENSION_UPDATER", "result":""}
{"logTime": "0712/092143", "correlationVector":"7FD1658F528444A7AC6701886C8B4EB9","action":"FETCH_UX_CONFIG", "result":""}
{"logTime": "0712/093825", "correlationVector":"335E13e3ucoVWIjl3CbWgZ","action":"EXTENSION_UPDATER", "result":""}
{"logTime": "0712/093841", "correlationVector":"92891B762D6B48AE9A389EB05B566EEE","action":"FETCH_UX_CONFIG", "result":""}
{"logTime": "0712/103758", "correlationVector":"6108BD7245734DE9BA3A81CC73106195","action":"FETCH_UX_CONFIG", "result":""}
{"logTime": "0712/113758", "correlationVector":"33CBBDD8C2494D819416ECB81A64E587","action":"FETCH_UX_CONFIG", "result":""}
{"logTime": "0712/123809", "correlationVector":"D7DEF282F50E41FAA17E032234666FCC","action":"FETCH_UX_CONFIG", "result":""}
{"logTime": "0712/133811", "correlationVector":"6E420DC76A2C4D0A914A7F314AAF6AC1","action":"FETCH_UX_CONFIG", "result":""}
{"logTime": "0712/143813", "correlationVector":"D473F63CC0D14ECCAC278BD5518282E5","action":"FETCH_UX_CONFIG", "result":""}
{"logTime": "0712/144840", "correlationVector":"Z7tigYCJSTQrKBlO9pVevG","action":"EXTENSION_UPDATER", "result":""}
{"logTime": "0712/153813", "correlationVector":"B0177FB74CCF4C7A8832A31FBFE4EF00","action":"FETCH_UX_CONFIG", "result":""}
{"logTime": "0712/165303", "correlationVector":"RiGBHYR7KjHHwOSlfENQ19","action":"EXTENSION_UPDATER", "result":""}
{"logTime": "0712/165829", "correlationVector":"lMjW2AUhKlgYmiASr8TOuC","action":"EXTENSION_UPDATER", "result":""}
{"logTime": "0712/165942", "correlationVector":"Ba7h4QzcCT840+ngLFJUWb","action":"EXTENSION_UPDATER", "result":""}
{"logTime": "0712/165946", "correlationVector":"gUyFzX+TbvtTXunxCOWcUe","action":"EXTENSION_UPDATER", "result":""}
{"logTime": "0712/175811", "correlationVector":"78EAF71F1192405F997215EC197E9F8F","action":"FETCH_UX_CONFIG", "result":""}
