[1914:1918][2023-07-12T09:16:14]i001: Burn v3.10.4.4718, Windows v10.0 (Build 19045: Service Pack 0), path: C:\Windows\Temp\{A6AF4370-BAAC-4DEB-8884-5CE4AD852393}\.cr\vcredist_x86.exe
[1914:1918][2023-07-12T09:16:14]i009: Command Line: '-burn.clean.room=C:\Users\OMEN\AppData\Local\Temp\{1FF5D624-5515-4343-837A-E54C101573E6}~setup\vcredist_x86.exe -burn.filehandle.attached=520 -burn.filehandle.self=528 /Q /norestart'
[1914:1918][2023-07-12T09:16:14]i000: Setting string variable 'WixBundleOriginalSource' to value 'C:\Users\OMEN\AppData\Local\Temp\{1FF5D624-5515-4343-837A-E54C101573E6}~setup\vcredist_x86.exe'
[1914:1918][2023-07-12T09:16:14]i000: Setting string variable 'WixBundleOriginalSourceFolder' to value 'C:\Users\OMEN\AppData\Local\Temp\{1FF5D624-5515-4343-837A-E54C101573E6}~setup\'
[1914:1918][2023-07-12T09:16:15]i000: Setting string variable 'WixBundleLog' to value 'C:\Users\OMEN\AppData\Local\Temp\dd_vcredist_x86_20230712091615.log'
[1914:1918][2023-07-12T09:16:20]i000: Setting string variable 'WixBundleName' to value 'Microsoft Visual C++ 2015-2019 Redistributable (x86) - 14.28.29913'
[1914:1918][2023-07-12T09:16:20]i000: Setting string variable 'WixBundleManufacturer' to value 'Microsoft Corporation'
[1914:1A60][2023-07-12T09:16:23]i000: Setting version variable 'WixBundleFileVersion' to value '14.28.29913.0'
[1914:1918][2023-07-12T09:16:28]i100: Detect begin, 10 packages
[1914:1918][2023-07-12T09:16:28]i000: Setting version variable 'windows_uCRT_DetectKey' to value '10.0.19041.789'
[1914:1918][2023-07-12T09:16:28]i000: Setting numeric variable 'windows_uCRT_DetectKeyExists' to value 1
[1914:1918][2023-07-12T09:16:28]i052: Condition '(VersionNT = v6.3 AND NOT VersionNT64) AND (windows_uCRT_DetectKeyExists AND windows_uCRT_DetectKey >= v10.0.10240.0)' evaluates to false.
[1914:1918][2023-07-12T09:16:28]i052: Condition '(VersionNT = v6.3 AND VersionNT64) AND (windows_uCRT_DetectKeyExists AND windows_uCRT_DetectKey >= v10.0.10240.0)' evaluates to false.
[1914:1918][2023-07-12T09:16:28]i052: Condition '(VersionNT = v6.2 AND NOT VersionNT64) AND (windows_uCRT_DetectKeyExists AND windows_uCRT_DetectKey >= v10.0.10240.0)' evaluates to false.
[1914:1918][2023-07-12T09:16:28]i052: Condition '(VersionNT = v6.2 AND VersionNT64) AND (windows_uCRT_DetectKeyExists AND windows_uCRT_DetectKey >= v10.0.10240.0)' evaluates to false.
[1914:1918][2023-07-12T09:16:28]i052: Condition '(VersionNT = v6.1 AND NOT VersionNT64) AND (windows_uCRT_DetectKeyExists AND windows_uCRT_DetectKey >= v10.0.10240.0)' evaluates to false.
[1914:1918][2023-07-12T09:16:28]i052: Condition '(VersionNT = v6.1 AND VersionNT64) AND (windows_uCRT_DetectKeyExists AND windows_uCRT_DetectKey >= v10.0.10240.0)' evaluates to false.
[1914:1918][2023-07-12T09:16:28]i052: Condition '(VersionNT = v6.0 AND NOT VersionNT64) AND (windows_uCRT_DetectKeyExists AND windows_uCRT_DetectKey >= v10.0.10240.0)' evaluates to false.
[1914:1918][2023-07-12T09:16:28]i052: Condition '(VersionNT = v6.0 AND VersionNT64) AND (windows_uCRT_DetectKeyExists AND windows_uCRT_DetectKey >= v10.0.10240.0)' evaluates to false.
[1914:1918][2023-07-12T09:16:29]i101: Detected package: Windows81_x86, state: Absent, cached: None
[1914:1918][2023-07-12T09:16:29]i101: Detected package: Windows81_x64, state: Absent, cached: None
[1914:1918][2023-07-12T09:16:29]i101: Detected package: Windows8_x86, state: Absent, cached: None
[1914:1918][2023-07-12T09:16:29]i101: Detected package: Windows8_x64, state: Absent, cached: None
[1914:1918][2023-07-12T09:16:29]i101: Detected package: Windows7_MSU_x86, state: Absent, cached: None
[1914:1918][2023-07-12T09:16:29]i101: Detected package: Windows7_MSU_x64, state: Absent, cached: None
[1914:1918][2023-07-12T09:16:29]i101: Detected package: WindowsVista_MSU_x86, state: Absent, cached: None
[1914:1918][2023-07-12T09:16:29]i101: Detected package: WindowsVista_MSU_x64, state: Absent, cached: None
[1914:1918][2023-07-12T09:16:29]i101: Detected package: vcRuntimeMinimum_x86, state: Absent, cached: None
[1914:1918][2023-07-12T09:16:29]i101: Detected package: vcRuntimeAdditional_x86, state: Absent, cached: None
[1914:1918][2023-07-12T09:16:29]i052: Condition 'VersionNT >= v6.0 OR (VersionNT = v5.1 AND ServicePackLevel >= 2) OR (VersionNT = v5.2 AND ServicePackLevel >= 1)' evaluates to true.
[1914:1918][2023-07-12T09:16:29]i199: Detect complete, result: 0x0
[1914:1918][2023-07-12T09:16:29]i200: Plan begin, 10 packages, action: Install
[1914:1918][2023-07-12T09:16:29]i052: Condition 'VersionNT = v6.3 AND NOT VersionNT64' evaluates to false.
[1914:1918][2023-07-12T09:16:29]w321: Skipping dependency registration on package with no dependency providers: Windows81_x86
[1914:1918][2023-07-12T09:16:29]i052: Condition 'VersionNT = v6.3 AND VersionNT64' evaluates to false.
[1914:1918][2023-07-12T09:16:29]w321: Skipping dependency registration on package with no dependency providers: Windows81_x64
[1914:1918][2023-07-12T09:16:29]i052: Condition 'VersionNT = v6.2 AND NOT VersionNT64' evaluates to false.
[1914:1918][2023-07-12T09:16:29]w321: Skipping dependency registration on package with no dependency providers: Windows8_x86
[1914:1918][2023-07-12T09:16:29]i052: Condition 'VersionNT = v6.2 AND VersionNT64' evaluates to false.
[1914:1918][2023-07-12T09:16:29]w321: Skipping dependency registration on package with no dependency providers: Windows8_x64
[1914:1918][2023-07-12T09:16:29]i052: Condition 'VersionNT = v6.1 AND NOT VersionNT64' evaluates to false.
[1914:1918][2023-07-12T09:16:29]w321: Skipping dependency registration on package with no dependency providers: Windows7_MSU_x86
[1914:1918][2023-07-12T09:16:29]i052: Condition 'VersionNT = v6.1 AND VersionNT64' evaluates to false.
[1914:1918][2023-07-12T09:16:29]w321: Skipping dependency registration on package with no dependency providers: Windows7_MSU_x64
[1914:1918][2023-07-12T09:16:29]i052: Condition 'VersionNT = v6.0 AND NOT VersionNT64' evaluates to false.
[1914:1918][2023-07-12T09:16:29]w321: Skipping dependency registration on package with no dependency providers: WindowsVista_MSU_x86
[1914:1918][2023-07-12T09:16:29]i052: Condition 'VersionNT = v6.0 AND VersionNT64' evaluates to false.
[1914:1918][2023-07-12T09:16:29]w321: Skipping dependency registration on package with no dependency providers: WindowsVista_MSU_x64
[1914:1918][2023-07-12T09:16:29]i000: Setting string variable 'WixBundleRollbackLog_vcRuntimeMinimum_x86' to value 'C:\Users\OMEN\AppData\Local\Temp\dd_vcredist_x86_20230712091615_000_vcRuntimeMinimum_x86_rollback.log'
[1914:1918][2023-07-12T09:16:29]i000: Setting string variable 'WixBundleLog_vcRuntimeMinimum_x86' to value 'C:\Users\OMEN\AppData\Local\Temp\dd_vcredist_x86_20230712091615_000_vcRuntimeMinimum_x86.log'
[1914:1918][2023-07-12T09:16:29]i000: Setting string variable 'WixBundleRollbackLog_vcRuntimeAdditional_x86' to value 'C:\Users\OMEN\AppData\Local\Temp\dd_vcredist_x86_20230712091615_001_vcRuntimeAdditional_x86_rollback.log'
[1914:1918][2023-07-12T09:16:29]i000: Setting string variable 'WixBundleLog_vcRuntimeAdditional_x86' to value 'C:\Users\OMEN\AppData\Local\Temp\dd_vcredist_x86_20230712091615_001_vcRuntimeAdditional_x86.log'
[1914:1918][2023-07-12T09:16:29]i201: Planned package: Windows81_x86, state: Absent, default requested: Absent, ba requested: Absent, execute: None, rollback: None, cache: No, uncache: No, dependency: None
[1914:1918][2023-07-12T09:16:29]i201: Planned package: Windows81_x64, state: Absent, default requested: Absent, ba requested: Absent, execute: None, rollback: None, cache: No, uncache: No, dependency: None
[1914:1918][2023-07-12T09:16:29]i201: Planned package: Windows8_x86, state: Absent, default requested: Absent, ba requested: Absent, execute: None, rollback: None, cache: No, uncache: No, dependency: None
[1914:1918][2023-07-12T09:16:29]i201: Planned package: Windows8_x64, state: Absent, default requested: Absent, ba requested: Absent, execute: None, rollback: None, cache: No, uncache: No, dependency: None
[1914:1918][2023-07-12T09:16:29]i201: Planned package: Windows7_MSU_x86, state: Absent, default requested: Absent, ba requested: Absent, execute: None, rollback: None, cache: No, uncache: No, dependency: None
[1914:1918][2023-07-12T09:16:29]i201: Planned package: Windows7_MSU_x64, state: Absent, default requested: Absent, ba requested: Absent, execute: None, rollback: None, cache: No, uncache: No, dependency: None
[1914:1918][2023-07-12T09:16:29]i201: Planned package: WindowsVista_MSU_x86, state: Absent, default requested: Absent, ba requested: Absent, execute: None, rollback: None, cache: No, uncache: No, dependency: None
[1914:1918][2023-07-12T09:16:29]i201: Planned package: WindowsVista_MSU_x64, state: Absent, default requested: Absent, ba requested: Absent, execute: None, rollback: None, cache: No, uncache: No, dependency: None
[1914:1918][2023-07-12T09:16:29]i201: Planned package: vcRuntimeMinimum_x86, state: Absent, default requested: Present, ba requested: Present, execute: Install, rollback: Uninstall, cache: Yes, uncache: No, dependency: Register
[1914:1918][2023-07-12T09:16:29]i201: Planned package: vcRuntimeAdditional_x86, state: Absent, default requested: Present, ba requested: Present, execute: Install, rollback: Uninstall, cache: Yes, uncache: No, dependency: Register
[1914:1918][2023-07-12T09:16:29]i299: Plan complete, result: 0x0
[1914:1918][2023-07-12T09:16:29]i300: Apply begin
[1914:1918][2023-07-12T09:16:29]i010: Launching elevated engine process.
[1914:1918][2023-07-12T09:16:34]i011: Launched elevated engine process.
[1914:1918][2023-07-12T09:16:34]i012: Connected to elevated engine.
[0DB4:05A0][2023-07-12T09:16:34]i358: Pausing automatic updates.
[0DB4:05A0][2023-07-12T09:16:34]i359: Paused automatic updates.
[0DB4:05A0][2023-07-12T09:16:34]i360: Creating a system restore point.
[0DB4:05A0][2023-07-12T09:17:26]i361: Created a system restore point.
[0DB4:05A0][2023-07-12T09:17:26]i370: Session begin, registration key: SOFTWARE\Microsoft\Windows\CurrentVersion\Uninstall\{03d1453c-7d5c-479c-afea-8482f406e036}, options: 0x7, disable resume: No
[0DB4:05A0][2023-07-12T09:17:26]i000: Caching bundle from: 'C:\Windows\Temp\{A84DC357-EABB-4814-95E0-5320071B2D0F}\.be\VC_redist.x86.exe' to: 'C:\ProgramData\Package Cache\{03d1453c-7d5c-479c-afea-8482f406e036}\VC_redist.x86.exe'
[0DB4:05A0][2023-07-12T09:17:26]i320: Registering bundle dependency provider: VC,redist.x86,x86,14.28,bundle, version: 14.28.29913.0
[0DB4:05A0][2023-07-12T09:17:26]i371: Updating session, registration key: SOFTWARE\Microsoft\Windows\CurrentVersion\Uninstall\{03d1453c-7d5c-479c-afea-8482f406e036}, resume: Active, restart initiated: No, disable resume: No
[0DB4:031C][2023-07-12T09:17:27]i305: Verified acquired payload: vcRuntimeMinimum_x86 at path: C:\ProgramData\Package Cache\.unverified\vcRuntimeMinimum_x86, moving to: C:\ProgramData\Package Cache\{6236EBBD-F50F-40B3-B819-8DB0C608308C}v14.28.29913\packages\vcRuntimeMinimum_x86\vc_runtimeMinimum_x86.msi.
[0DB4:031C][2023-07-12T09:17:27]i305: Verified acquired payload: cab54A5CABBE7274D8A22EB58060AAB7623 at path: C:\ProgramData\Package Cache\.unverified\cab54A5CABBE7274D8A22EB58060AAB7623, moving to: C:\ProgramData\Package Cache\{6236EBBD-F50F-40B3-B819-8DB0C608308C}v14.28.29913\packages\vcRuntimeMinimum_x86\cab1.cab.
[0DB4:031C][2023-07-12T09:17:27]i305: Verified acquired payload: vcRuntimeAdditional_x86 at path: C:\ProgramData\Package Cache\.unverified\vcRuntimeAdditional_x86, moving to: C:\ProgramData\Package Cache\{572DCD10-CF2E-43D1-8151-8BD9AC9086D0}v14.28.29913\packages\vcRuntimeAdditional_x86\vc_runtimeAdditional_x86.msi.
[0DB4:031C][2023-07-12T09:17:27]i305: Verified acquired payload: cabB3E1576D1FEFBB979E13B1A5379E0B16 at path: C:\ProgramData\Package Cache\.unverified\cabB3E1576D1FEFBB979E13B1A5379E0B16, moving to: C:\ProgramData\Package Cache\{572DCD10-CF2E-43D1-8151-8BD9AC9086D0}v14.28.29913\packages\vcRuntimeAdditional_x86\cab1.cab.
[0DB4:05A0][2023-07-12T09:17:27]i301: Applying execute package: vcRuntimeMinimum_x86, action: Install, path: C:\ProgramData\Package Cache\{6236EBBD-F50F-40B3-B819-8DB0C608308C}v14.28.29913\packages\vcRuntimeMinimum_x86\vc_runtimeMinimum_x86.msi, arguments: ' MSIFASTINSTALL="7" NOVSUI="1"'
[1914:1918][2023-07-12T09:17:37]i319: Applied execute package: vcRuntimeMinimum_x86, result: 0x0, restart: None
[0DB4:05A0][2023-07-12T09:17:37]i325: Registering dependency: {03d1453c-7d5c-479c-afea-8482f406e036} on package provider: Microsoft.VS.VC_RuntimeMinimumVSU_x86,v14, package: vcRuntimeMinimum_x86
[0DB4:05A0][2023-07-12T09:17:37]i301: Applying execute package: vcRuntimeAdditional_x86, action: Install, path: C:\ProgramData\Package Cache\{572DCD10-CF2E-43D1-8151-8BD9AC9086D0}v14.28.29913\packages\vcRuntimeAdditional_x86\vc_runtimeAdditional_x86.msi, arguments: ' MSIFASTINSTALL="7" NOVSUI="1"'
[1914:1918][2023-07-12T09:17:38]i319: Applied execute package: vcRuntimeAdditional_x86, result: 0x0, restart: None
[0DB4:05A0][2023-07-12T09:17:38]i325: Registering dependency: {03d1453c-7d5c-479c-afea-8482f406e036} on package provider: Microsoft.VS.VC_RuntimeAdditionalVSU_x86,v14, package: vcRuntimeAdditional_x86
[0DB4:05A0][2023-07-12T09:17:38]i372: Session end, registration key: SOFTWARE\Microsoft\Windows\CurrentVersion\Uninstall\{03d1453c-7d5c-479c-afea-8482f406e036}, resume: ARP, restart: None, disable resume: No
[0DB4:05A0][2023-07-12T09:17:38]i371: Updating session, registration key: SOFTWARE\Microsoft\Windows\CurrentVersion\Uninstall\{03d1453c-7d5c-479c-afea-8482f406e036}, resume: ARP, restart initiated: No, disable resume: No
[1914:1918][2023-07-12T09:17:38]i399: Apply complete, result: 0x0, restart: None, ba requested restart:  No
[1914:1918][2023-07-12T09:17:38]i500: Shutting down, exit code: 0x0
[1914:1918][2023-07-12T09:17:38]i410: Variable: SystemFolder = C:\Windows\system32\
[1914:1918][2023-07-12T09:17:38]i410: Variable: VersionNT = 10.0.0.0
[1914:1918][2023-07-12T09:17:38]i410: Variable: VersionNT64 = 10.0.0.0
[1914:1918][2023-07-12T09:17:38]i410: Variable: windows_uCRT_DetectKey = 10.0.19041.789
[1914:1918][2023-07-12T09:17:38]i410: Variable: windows_uCRT_DetectKeyExists = 1
[1914:1918][2023-07-12T09:17:38]i410: Variable: WixBundleAction = 5
[1914:1918][2023-07-12T09:17:38]i410: Variable: WixBundleElevated = 1
[1914:1918][2023-07-12T09:17:38]i410: Variable: WixBundleFileVersion = 14.28.29913.0
[1914:1918][2023-07-12T09:17:38]i410: Variable: WixBundleInstalled = 0
[1914:1918][2023-07-12T09:17:38]i410: Variable: WixBundleLog = C:\Users\OMEN\AppData\Local\Temp\dd_vcredist_x86_20230712091615.log
[1914:1918][2023-07-12T09:17:38]i410: Variable: WixBundleLog_vcRuntimeAdditional_x86 = C:\Users\OMEN\AppData\Local\Temp\dd_vcredist_x86_20230712091615_001_vcRuntimeAdditional_x86.log
[1914:1918][2023-07-12T09:17:38]i410: Variable: WixBundleLog_vcRuntimeMinimum_x86 = C:\Users\OMEN\AppData\Local\Temp\dd_vcredist_x86_20230712091615_000_vcRuntimeMinimum_x86.log
[1914:1918][2023-07-12T09:17:38]i410: Variable: WixBundleManufacturer = Microsoft Corporation
[1914:1918][2023-07-12T09:17:38]i410: Variable: WixBundleName = Microsoft Visual C++ 2015-2019 Redistributable (x86) - 14.28.29913
[1914:1918][2023-07-12T09:17:38]i410: Variable: WixBundleOriginalSource = C:\Users\OMEN\AppData\Local\Temp\{1FF5D624-5515-4343-837A-E54C101573E6}~setup\vcredist_x86.exe
[1914:1918][2023-07-12T09:17:38]i410: Variable: WixBundleOriginalSourceFolder = C:\Users\OMEN\AppData\Local\Temp\{1FF5D624-5515-4343-837A-E54C101573E6}~setup\
[1914:1918][2023-07-12T09:17:38]i410: Variable: WixBundleProviderKey = VC,redist.x86,x86,14.28,bundle
[1914:1918][2023-07-12T09:17:38]i410: Variable: WixBundleRollbackLog_vcRuntimeAdditional_x86 = C:\Users\OMEN\AppData\Local\Temp\dd_vcredist_x86_20230712091615_001_vcRuntimeAdditional_x86_rollback.log
[1914:1918][2023-07-12T09:17:38]i410: Variable: WixBundleRollbackLog_vcRuntimeMinimum_x86 = C:\Users\OMEN\AppData\Local\Temp\dd_vcredist_x86_20230712091615_000_vcRuntimeMinimum_x86_rollback.log
[1914:1918][2023-07-12T09:17:38]i410: Variable: WixBundleSourceProcessFolder = C:\Users\OMEN\AppData\Local\Temp\{1FF5D624-5515-4343-837A-E54C101573E6}~setup\
[1914:1918][2023-07-12T09:17:38]i410: Variable: WixBundleSourceProcessPath = C:\Users\OMEN\AppData\Local\Temp\{1FF5D624-5515-4343-837A-E54C101573E6}~setup\vcredist_x86.exe
[1914:1918][2023-07-12T09:17:38]i410: Variable: WixBundleTag = 
[1914:1918][2023-07-12T09:17:38]i410: Variable: WixBundleVersion = 14.28.29913.0
[1914:1918][2023-07-12T09:17:39]i007: Exit code: 0x0, restarting: No
