[0DBC:13C8][2023-07-12T09:17:41]i001: Burn v3.10.4.4718, Windows v10.0 (Build 19045: Service Pack 0), path: C:\Windows\Temp\{4929CB90-502E-4FE0-A5EA-847379FFB118}\.cr\vcredist_x64.exe
[0DBC:13C8][2023-07-12T09:17:41]i009: Command Line: '-burn.clean.room=C:\Users\OMEN\AppData\Local\Temp\{1FF5D624-5515-4343-837A-E54C101573E6}~setup\vcredist_x64.exe -burn.filehandle.attached=520 -burn.filehandle.self=528 /Q /norestart'
[0DBC:13C8][2023-07-12T09:17:41]i000: Setting string variable 'WixBundleOriginalSource' to value 'C:\Users\OMEN\AppData\Local\Temp\{1FF5D624-5515-4343-837A-E54C101573E6}~setup\vcredist_x64.exe'
[0DBC:13C8][2023-07-12T09:17:41]i000: Setting string variable 'WixBundleOriginalSourceFolder' to value 'C:\Users\OMEN\AppData\Local\Temp\{1FF5D624-5515-4343-837A-E54C101573E6}~setup\'
[0DBC:13C8][2023-07-12T09:17:41]i000: Setting string variable 'WixBundleLog' to value 'C:\Users\OMEN\AppData\Local\Temp\dd_vcredist_amd64_20230712091741.log'
[0DBC:13C8][2023-07-12T09:17:41]i000: Setting string variable 'WixBundleName' to value 'Microsoft Visual C++ 2015-2019 Redistributable (x64) - 14.28.29913'
[0DBC:13C8][2023-07-12T09:17:41]i000: Setting string variable 'WixBundleManufacturer' to value 'Microsoft Corporation'
[0DBC:1AB8][2023-07-12T09:17:41]i000: Setting version variable 'WixBundleFileVersion' to value '14.28.29913.0'
[0DBC:13C8][2023-07-12T09:17:42]i100: Detect begin, 10 packages
[0DBC:13C8][2023-07-12T09:17:42]i000: Setting version variable 'windows_uCRT_DetectKey' to value '10.0.19041.789'
[0DBC:13C8][2023-07-12T09:17:42]i000: Setting numeric variable 'windows_uCRT_DetectKeyExists' to value 1
[0DBC:13C8][2023-07-12T09:17:42]i052: Condition '(VersionNT = v6.3 AND NOT VersionNT64) AND (windows_uCRT_DetectKeyExists AND windows_uCRT_DetectKey >= v10.0.10240.0)' evaluates to false.
[0DBC:13C8][2023-07-12T09:17:42]i052: Condition '(VersionNT = v6.3 AND VersionNT64) AND (windows_uCRT_DetectKeyExists AND windows_uCRT_DetectKey >= v10.0.10240.0)' evaluates to false.
[0DBC:13C8][2023-07-12T09:17:42]i052: Condition '(VersionNT = v6.2 AND NOT VersionNT64) AND (windows_uCRT_DetectKeyExists AND windows_uCRT_DetectKey >= v10.0.10240.0)' evaluates to false.
[0DBC:13C8][2023-07-12T09:17:42]i052: Condition '(VersionNT = v6.2 AND VersionNT64) AND (windows_uCRT_DetectKeyExists AND windows_uCRT_DetectKey >= v10.0.10240.0)' evaluates to false.
[0DBC:13C8][2023-07-12T09:17:42]i052: Condition '(VersionNT = v6.1 AND NOT VersionNT64) AND (windows_uCRT_DetectKeyExists AND windows_uCRT_DetectKey >= v10.0.10240.0)' evaluates to false.
[0DBC:13C8][2023-07-12T09:17:42]i052: Condition '(VersionNT = v6.1 AND VersionNT64) AND (windows_uCRT_DetectKeyExists AND windows_uCRT_DetectKey >= v10.0.10240.0)' evaluates to false.
[0DBC:13C8][2023-07-12T09:17:42]i052: Condition '(VersionNT = v6.0 AND NOT VersionNT64) AND (windows_uCRT_DetectKeyExists AND windows_uCRT_DetectKey >= v10.0.10240.0)' evaluates to false.
[0DBC:13C8][2023-07-12T09:17:42]i052: Condition '(VersionNT = v6.0 AND VersionNT64) AND (windows_uCRT_DetectKeyExists AND windows_uCRT_DetectKey >= v10.0.10240.0)' evaluates to false.
[0DBC:13C8][2023-07-12T09:17:42]i101: Detected package: Windows81_x86, state: Absent, cached: None
[0DBC:13C8][2023-07-12T09:17:42]i101: Detected package: Windows81_x64, state: Absent, cached: None
[0DBC:13C8][2023-07-12T09:17:42]i101: Detected package: Windows8_x86, state: Absent, cached: None
[0DBC:13C8][2023-07-12T09:17:42]i101: Detected package: Windows8_x64, state: Absent, cached: None
[0DBC:13C8][2023-07-12T09:17:42]i101: Detected package: Windows7_MSU_x86, state: Absent, cached: None
[0DBC:13C8][2023-07-12T09:17:42]i101: Detected package: Windows7_MSU_x64, state: Absent, cached: None
[0DBC:13C8][2023-07-12T09:17:42]i101: Detected package: WindowsVista_MSU_x86, state: Absent, cached: None
[0DBC:13C8][2023-07-12T09:17:42]i101: Detected package: WindowsVista_MSU_x64, state: Absent, cached: None
[0DBC:13C8][2023-07-12T09:17:42]i101: Detected package: vcRuntimeMinimum_x64, state: Absent, cached: None
[0DBC:13C8][2023-07-12T09:17:42]i101: Detected package: vcRuntimeAdditional_x64, state: Absent, cached: None
[0DBC:13C8][2023-07-12T09:17:42]i052: Condition 'VersionNT64 >= v6.0 OR (VersionNT64 = v5.2 AND ServicePackLevel >= 1)' evaluates to true.
[0DBC:13C8][2023-07-12T09:17:42]i199: Detect complete, result: 0x0
[0DBC:13C8][2023-07-12T09:17:42]i200: Plan begin, 10 packages, action: Install
[0DBC:13C8][2023-07-12T09:17:42]i052: Condition 'VersionNT = v6.3 AND NOT VersionNT64' evaluates to false.
[0DBC:13C8][2023-07-12T09:17:42]w321: Skipping dependency registration on package with no dependency providers: Windows81_x86
[0DBC:13C8][2023-07-12T09:17:42]i052: Condition 'VersionNT = v6.3 AND VersionNT64' evaluates to false.
[0DBC:13C8][2023-07-12T09:17:42]w321: Skipping dependency registration on package with no dependency providers: Windows81_x64
[0DBC:13C8][2023-07-12T09:17:42]i052: Condition 'VersionNT = v6.2 AND NOT VersionNT64' evaluates to false.
[0DBC:13C8][2023-07-12T09:17:42]w321: Skipping dependency registration on package with no dependency providers: Windows8_x86
[0DBC:13C8][2023-07-12T09:17:42]i052: Condition 'VersionNT = v6.2 AND VersionNT64' evaluates to false.
[0DBC:13C8][2023-07-12T09:17:42]w321: Skipping dependency registration on package with no dependency providers: Windows8_x64
[0DBC:13C8][2023-07-12T09:17:42]i052: Condition 'VersionNT = v6.1 AND NOT VersionNT64' evaluates to false.
[0DBC:13C8][2023-07-12T09:17:42]w321: Skipping dependency registration on package with no dependency providers: Windows7_MSU_x86
[0DBC:13C8][2023-07-12T09:17:42]i052: Condition 'VersionNT = v6.1 AND VersionNT64' evaluates to false.
[0DBC:13C8][2023-07-12T09:17:42]w321: Skipping dependency registration on package with no dependency providers: Windows7_MSU_x64
[0DBC:13C8][2023-07-12T09:17:42]i052: Condition 'VersionNT = v6.0 AND NOT VersionNT64' evaluates to false.
[0DBC:13C8][2023-07-12T09:17:42]w321: Skipping dependency registration on package with no dependency providers: WindowsVista_MSU_x86
[0DBC:13C8][2023-07-12T09:17:42]i052: Condition 'VersionNT = v6.0 AND VersionNT64' evaluates to false.
[0DBC:13C8][2023-07-12T09:17:42]w321: Skipping dependency registration on package with no dependency providers: WindowsVista_MSU_x64
[0DBC:13C8][2023-07-12T09:17:42]i052: Condition '(VersionNT64)' evaluates to true.
[0DBC:13C8][2023-07-12T09:17:42]i000: Setting string variable 'WixBundleRollbackLog_vcRuntimeMinimum_x64' to value 'C:\Users\OMEN\AppData\Local\Temp\dd_vcredist_amd64_20230712091741_000_vcRuntimeMinimum_x64_rollback.log'
[0DBC:13C8][2023-07-12T09:17:42]i000: Setting string variable 'WixBundleLog_vcRuntimeMinimum_x64' to value 'C:\Users\OMEN\AppData\Local\Temp\dd_vcredist_amd64_20230712091741_000_vcRuntimeMinimum_x64.log'
[0DBC:13C8][2023-07-12T09:17:42]i052: Condition '(VersionNT64)' evaluates to true.
[0DBC:13C8][2023-07-12T09:17:42]i000: Setting string variable 'WixBundleRollbackLog_vcRuntimeAdditional_x64' to value 'C:\Users\OMEN\AppData\Local\Temp\dd_vcredist_amd64_20230712091741_001_vcRuntimeAdditional_x64_rollback.log'
[0DBC:13C8][2023-07-12T09:17:42]i000: Setting string variable 'WixBundleLog_vcRuntimeAdditional_x64' to value 'C:\Users\OMEN\AppData\Local\Temp\dd_vcredist_amd64_20230712091741_001_vcRuntimeAdditional_x64.log'
[0DBC:13C8][2023-07-12T09:17:42]i201: Planned package: Windows81_x86, state: Absent, default requested: Absent, ba requested: Absent, execute: None, rollback: None, cache: No, uncache: No, dependency: None
[0DBC:13C8][2023-07-12T09:17:42]i201: Planned package: Windows81_x64, state: Absent, default requested: Absent, ba requested: Absent, execute: None, rollback: None, cache: No, uncache: No, dependency: None
[0DBC:13C8][2023-07-12T09:17:42]i201: Planned package: Windows8_x86, state: Absent, default requested: Absent, ba requested: Absent, execute: None, rollback: None, cache: No, uncache: No, dependency: None
[0DBC:13C8][2023-07-12T09:17:42]i201: Planned package: Windows8_x64, state: Absent, default requested: Absent, ba requested: Absent, execute: None, rollback: None, cache: No, uncache: No, dependency: None
[0DBC:13C8][2023-07-12T09:17:42]i201: Planned package: Windows7_MSU_x86, state: Absent, default requested: Absent, ba requested: Absent, execute: None, rollback: None, cache: No, uncache: No, dependency: None
[0DBC:13C8][2023-07-12T09:17:42]i201: Planned package: Windows7_MSU_x64, state: Absent, default requested: Absent, ba requested: Absent, execute: None, rollback: None, cache: No, uncache: No, dependency: None
[0DBC:13C8][2023-07-12T09:17:42]i201: Planned package: WindowsVista_MSU_x86, state: Absent, default requested: Absent, ba requested: Absent, execute: None, rollback: None, cache: No, uncache: No, dependency: None
[0DBC:13C8][2023-07-12T09:17:42]i201: Planned package: WindowsVista_MSU_x64, state: Absent, default requested: Absent, ba requested: Absent, execute: None, rollback: None, cache: No, uncache: No, dependency: None
[0DBC:13C8][2023-07-12T09:17:42]i201: Planned package: vcRuntimeMinimum_x64, state: Absent, default requested: Present, ba requested: Present, execute: Install, rollback: Uninstall, cache: Yes, uncache: No, dependency: Register
[0DBC:13C8][2023-07-12T09:17:42]i201: Planned package: vcRuntimeAdditional_x64, state: Absent, default requested: Present, ba requested: Present, execute: Install, rollback: Uninstall, cache: Yes, uncache: No, dependency: Register
[0DBC:13C8][2023-07-12T09:17:42]i299: Plan complete, result: 0x0
[0DBC:13C8][2023-07-12T09:17:42]i300: Apply begin
[0DBC:13C8][2023-07-12T09:17:42]i010: Launching elevated engine process.
[0DBC:13C8][2023-07-12T09:17:42]i011: Launched elevated engine process.
[0DBC:13C8][2023-07-12T09:17:42]i012: Connected to elevated engine.
[133C:1320][2023-07-12T09:17:42]i358: Pausing automatic updates.
[133C:1320][2023-07-12T09:17:42]i359: Paused automatic updates.
[133C:1320][2023-07-12T09:17:42]i360: Creating a system restore point.
[133C:1320][2023-07-12T09:17:42]i361: Created a system restore point.
[133C:1320][2023-07-12T09:17:42]i370: Session begin, registration key: SOFTWARE\Microsoft\Windows\CurrentVersion\Uninstall\{855e31d2-9031-46e1-b06d-c9d7777deefb}, options: 0x7, disable resume: No
[133C:1320][2023-07-12T09:17:42]i000: Caching bundle from: 'C:\Windows\Temp\{95D73C54-D4D4-4233-8D68-7285B385A331}\.be\VC_redist.x64.exe' to: 'C:\ProgramData\Package Cache\{855e31d2-9031-46e1-b06d-c9d7777deefb}\VC_redist.x64.exe'
[133C:1320][2023-07-12T09:17:42]i320: Registering bundle dependency provider: VC,redist.x64,amd64,14.28,bundle, version: 14.28.29913.0
[133C:1320][2023-07-12T09:17:42]i371: Updating session, registration key: SOFTWARE\Microsoft\Windows\CurrentVersion\Uninstall\{855e31d2-9031-46e1-b06d-c9d7777deefb}, resume: Active, restart initiated: No, disable resume: No
[133C:07F0][2023-07-12T09:17:42]i305: Verified acquired payload: vcRuntimeMinimum_x64 at path: C:\ProgramData\Package Cache\.unverified\vcRuntimeMinimum_x64, moving to: C:\ProgramData\Package Cache\{EECDD137-13DA-46ED-ADA0-BDF7F8BE65B8}v14.28.29913\packages\vcRuntimeMinimum_amd64\vc_runtimeMinimum_x64.msi.
[133C:07F0][2023-07-12T09:17:42]i305: Verified acquired payload: cab5046A8AB272BF37297BB7928664C9503 at path: C:\ProgramData\Package Cache\.unverified\cab5046A8AB272BF37297BB7928664C9503, moving to: C:\ProgramData\Package Cache\{EECDD137-13DA-46ED-ADA0-BDF7F8BE65B8}v14.28.29913\packages\vcRuntimeMinimum_amd64\cab1.cab.
[133C:07F0][2023-07-12T09:17:42]i305: Verified acquired payload: vcRuntimeAdditional_x64 at path: C:\ProgramData\Package Cache\.unverified\vcRuntimeAdditional_x64, moving to: C:\ProgramData\Package Cache\{620A7633-7A09-42A8-8580-076A4483C4B0}v14.28.29913\packages\vcRuntimeAdditional_amd64\vc_runtimeAdditional_x64.msi.
[133C:07F0][2023-07-12T09:17:42]i305: Verified acquired payload: cab2C04DDC374BD96EB5C8EB8208F2C7C92 at path: C:\ProgramData\Package Cache\.unverified\cab2C04DDC374BD96EB5C8EB8208F2C7C92, moving to: C:\ProgramData\Package Cache\{620A7633-7A09-42A8-8580-076A4483C4B0}v14.28.29913\packages\vcRuntimeAdditional_amd64\cab1.cab.
[133C:1320][2023-07-12T09:17:42]i301: Applying execute package: vcRuntimeMinimum_x64, action: Install, path: C:\ProgramData\Package Cache\{EECDD137-13DA-46ED-ADA0-BDF7F8BE65B8}v14.28.29913\packages\vcRuntimeMinimum_amd64\vc_runtimeMinimum_x64.msi, arguments: ' MSIFASTINSTALL="7" NOVSUI="1"'
[0DBC:13C8][2023-07-12T09:17:45]i319: Applied execute package: vcRuntimeMinimum_x64, result: 0x0, restart: None
[133C:1320][2023-07-12T09:17:45]i325: Registering dependency: {855e31d2-9031-46e1-b06d-c9d7777deefb} on package provider: Microsoft.VS.VC_RuntimeMinimumVSU_amd64,v14, package: vcRuntimeMinimum_x64
[133C:1320][2023-07-12T09:17:45]i301: Applying execute package: vcRuntimeAdditional_x64, action: Install, path: C:\ProgramData\Package Cache\{620A7633-7A09-42A8-8580-076A4483C4B0}v14.28.29913\packages\vcRuntimeAdditional_amd64\vc_runtimeAdditional_x64.msi, arguments: ' MSIFASTINSTALL="7" NOVSUI="1"'
[0DBC:13C8][2023-07-12T09:17:45]i319: Applied execute package: vcRuntimeAdditional_x64, result: 0x0, restart: None
[133C:1320][2023-07-12T09:17:45]i325: Registering dependency: {855e31d2-9031-46e1-b06d-c9d7777deefb} on package provider: Microsoft.VS.VC_RuntimeAdditionalVSU_amd64,v14, package: vcRuntimeAdditional_x64
[133C:1320][2023-07-12T09:17:45]i372: Session end, registration key: SOFTWARE\Microsoft\Windows\CurrentVersion\Uninstall\{855e31d2-9031-46e1-b06d-c9d7777deefb}, resume: ARP, restart: None, disable resume: No
[133C:1320][2023-07-12T09:17:45]i371: Updating session, registration key: SOFTWARE\Microsoft\Windows\CurrentVersion\Uninstall\{855e31d2-9031-46e1-b06d-c9d7777deefb}, resume: ARP, restart initiated: No, disable resume: No
[0DBC:13C8][2023-07-12T09:17:45]i399: Apply complete, result: 0x0, restart: None, ba requested restart:  No
[0DBC:13C8][2023-07-12T09:17:45]i500: Shutting down, exit code: 0x0
[0DBC:13C8][2023-07-12T09:17:45]i410: Variable: SystemFolder = C:\Windows\system32\
[0DBC:13C8][2023-07-12T09:17:45]i410: Variable: VersionNT = 10.0.0.0
[0DBC:13C8][2023-07-12T09:17:45]i410: Variable: VersionNT64 = 10.0.0.0
[0DBC:13C8][2023-07-12T09:17:45]i410: Variable: windows_uCRT_DetectKey = 10.0.19041.789
[0DBC:13C8][2023-07-12T09:17:45]i410: Variable: windows_uCRT_DetectKeyExists = 1
[0DBC:13C8][2023-07-12T09:17:45]i410: Variable: WixBundleAction = 5
[0DBC:13C8][2023-07-12T09:17:45]i410: Variable: WixBundleElevated = 1
[0DBC:13C8][2023-07-12T09:17:45]i410: Variable: WixBundleFileVersion = 14.28.29913.0
[0DBC:13C8][2023-07-12T09:17:45]i410: Variable: WixBundleInstalled = 0
[0DBC:13C8][2023-07-12T09:17:45]i410: Variable: WixBundleLog = C:\Users\OMEN\AppData\Local\Temp\dd_vcredist_amd64_20230712091741.log
[0DBC:13C8][2023-07-12T09:17:45]i410: Variable: WixBundleLog_vcRuntimeAdditional_x64 = C:\Users\OMEN\AppData\Local\Temp\dd_vcredist_amd64_20230712091741_001_vcRuntimeAdditional_x64.log
[0DBC:13C8][2023-07-12T09:17:45]i410: Variable: WixBundleLog_vcRuntimeMinimum_x64 = C:\Users\OMEN\AppData\Local\Temp\dd_vcredist_amd64_20230712091741_000_vcRuntimeMinimum_x64.log
[0DBC:13C8][2023-07-12T09:17:45]i410: Variable: WixBundleManufacturer = Microsoft Corporation
[0DBC:13C8][2023-07-12T09:17:45]i410: Variable: WixBundleName = Microsoft Visual C++ 2015-2019 Redistributable (x64) - 14.28.29913
[0DBC:13C8][2023-07-12T09:17:45]i410: Variable: WixBundleOriginalSource = C:\Users\OMEN\AppData\Local\Temp\{1FF5D624-5515-4343-837A-E54C101573E6}~setup\vcredist_x64.exe
[0DBC:13C8][2023-07-12T09:17:45]i410: Variable: WixBundleOriginalSourceFolder = C:\Users\OMEN\AppData\Local\Temp\{1FF5D624-5515-4343-837A-E54C101573E6}~setup\
[0DBC:13C8][2023-07-12T09:17:45]i410: Variable: WixBundleProviderKey = VC,redist.x64,amd64,14.28,bundle
[0DBC:13C8][2023-07-12T09:17:45]i410: Variable: WixBundleRollbackLog_vcRuntimeAdditional_x64 = C:\Users\OMEN\AppData\Local\Temp\dd_vcredist_amd64_20230712091741_001_vcRuntimeAdditional_x64_rollback.log
[0DBC:13C8][2023-07-12T09:17:45]i410: Variable: WixBundleRollbackLog_vcRuntimeMinimum_x64 = C:\Users\OMEN\AppData\Local\Temp\dd_vcredist_amd64_20230712091741_000_vcRuntimeMinimum_x64_rollback.log
[0DBC:13C8][2023-07-12T09:17:45]i410: Variable: WixBundleSourceProcessFolder = C:\Users\OMEN\AppData\Local\Temp\{1FF5D624-5515-4343-837A-E54C101573E6}~setup\
[0DBC:13C8][2023-07-12T09:17:45]i410: Variable: WixBundleSourceProcessPath = C:\Users\OMEN\AppData\Local\Temp\{1FF5D624-5515-4343-837A-E54C101573E6}~setup\vcredist_x64.exe
[0DBC:13C8][2023-07-12T09:17:45]i410: Variable: WixBundleTag = 
[0DBC:13C8][2023-07-12T09:17:45]i410: Variable: WixBundleVersion = 14.28.29913.0
[0DBC:13C8][2023-07-12T09:17:46]i007: Exit code: 0x0, restarting: No
